2017-08-30 17:52:44.754  INFO 269776 --- [main] weixin.AppRun                            : Starting AppRun on DESKTOP-RDELHGJ with PID 269776 (F:\work\project\weixin\ArvinWeiXinTest\target\classes started by ArvinChen9539 in F:\work\project\weixin\ArvinWeiXinTest)
2017-08-30 17:52:44.756  INFO 269776 --- [main] weixin.AppRun                            : The following profiles are active: dev
2017-08-30 17:52:44.941  INFO 269776 --- [main] ationConfigEmbeddedWebApplicationContext : Refreshing org.springframework.boot.context.embedded.AnnotationConfigEmbeddedWebApplicationContext@6b927fb: startup date [Wed Aug 30 17:52:44 CST 2017]; root of context hierarchy
2017-08-30 17:52:45.673  INFO 269776 --- [main] trationDelegate$BeanPostProcessorChecker : Bean 'org.springframework.cache.annotation.ProxyCachingConfiguration' of type [class org.springframework.cache.annotation.ProxyCachingConfiguration$$EnhancerBySpringCGLIB$$6417f73] is not eligible for getting processed by all BeanPostProcessors (for example: not eligible for auto-proxying)
2017-08-30 17:52:45.691  INFO 269776 --- [main] trationDelegate$BeanPostProcessorChecker : Bean 'org.springframework.boot.autoconfigure.cache.CacheAutoConfiguration' of type [class org.springframework.boot.autoconfigure.cache.CacheAutoConfiguration$$EnhancerBySpringCGLIB$$fab54417] is not eligible for getting processed by all BeanPostProcessors (for example: not eligible for auto-proxying)
2017-08-30 17:52:45.787  INFO 269776 --- [main] trationDelegate$BeanPostProcessorChecker : Bean 'spring.cache-org.springframework.boot.autoconfigure.cache.CacheProperties' of type [class org.springframework.boot.autoconfigure.cache.CacheProperties] is not eligible for getting processed by all BeanPostProcessors (for example: not eligible for auto-proxying)
2017-08-30 17:52:45.793  INFO 269776 --- [main] trationDelegate$BeanPostProcessorChecker : Bean 'org.springframework.boot.autoconfigure.cache.CacheManagerCustomizers' of type [class org.springframework.boot.autoconfigure.cache.CacheManagerCustomizers] is not eligible for getting processed by all BeanPostProcessors (for example: not eligible for auto-proxying)
2017-08-30 17:52:45.796  INFO 269776 --- [main] trationDelegate$BeanPostProcessorChecker : Bean 'org.springframework.boot.autoconfigure.cache.SimpleCacheConfiguration' of type [class org.springframework.boot.autoconfigure.cache.SimpleCacheConfiguration$$EnhancerBySpringCGLIB$$9c50b6f8] is not eligible for getting processed by all BeanPostProcessors (for example: not eligible for auto-proxying)
2017-08-30 17:52:45.802  INFO 269776 --- [main] trationDelegate$BeanPostProcessorChecker : Bean 'cacheManager' of type [class org.springframework.cache.concurrent.ConcurrentMapCacheManager] is not eligible for getting processed by all BeanPostProcessors (for example: not eligible for auto-proxying)
2017-08-30 17:52:45.802  INFO 269776 --- [main] trationDelegate$BeanPostProcessorChecker : Bean 'cacheAutoConfigurationValidator' of type [class org.springframework.boot.autoconfigure.cache.CacheAutoConfiguration$CacheManagerValidator] is not eligible for getting processed by all BeanPostProcessors (for example: not eligible for auto-proxying)
2017-08-30 17:52:46.069  INFO 269776 --- [main] s.b.c.e.t.TomcatEmbeddedServletContainer : Tomcat initialized with port(s): 80 (http)
2017-08-30 17:52:46.144  INFO 269776 --- [localhost-startStop-1] o.s.web.context.ContextLoader            : Root WebApplicationContext: initialization completed in 1206 ms
2017-08-30 17:52:46.276  INFO 269776 --- [localhost-startStop-1] o.s.b.w.servlet.ServletRegistrationBean  : Mapping servlet: 'dispatcherServlet' to [/]
2017-08-30 17:52:46.280  INFO 269776 --- [localhost-startStop-1] o.s.b.w.servlet.FilterRegistrationBean   : Mapping filter: 'characterEncodingFilter' to: [/*]
2017-08-30 17:52:46.281  INFO 269776 --- [localhost-startStop-1] o.s.b.w.servlet.FilterRegistrationBean   : Mapping filter: 'hiddenHttpMethodFilter' to: [/*]
2017-08-30 17:52:46.281  INFO 269776 --- [localhost-startStop-1] o.s.b.w.servlet.FilterRegistrationBean   : Mapping filter: 'httpPutFormContentFilter' to: [/*]
2017-08-30 17:52:46.281  INFO 269776 --- [localhost-startStop-1] o.s.b.w.servlet.FilterRegistrationBean   : Mapping filter: 'requestContextFilter' to: [/*]
2017-08-30 17:52:46.544  INFO 269776 --- [main] s.w.s.m.m.a.RequestMappingHandlerAdapter : Looking for @ControllerAdvice: org.springframework.boot.context.embedded.AnnotationConfigEmbeddedWebApplicationContext@6b927fb: startup date [Wed Aug 30 17:52:44 CST 2017]; root of context hierarchy
2017-08-30 17:52:46.594  INFO 269776 --- [main] s.w.s.m.m.a.RequestMappingHandlerMapping : Mapped "{[/base/weixinAuth]}" onto public java.lang.String weixin.controller.BaseController.queryLasted(weixin.vo.Auth)
2017-08-30 17:52:46.597  INFO 269776 --- [main] s.w.s.m.m.a.RequestMappingHandlerMapping : Mapped "{[/error]}" onto public org.springframework.http.ResponseEntity<java.util.Map<java.lang.String, java.lang.Object>> org.springframework.boot.autoconfigure.web.BasicErrorController.error(javax.servlet.http.HttpServletRequest)
2017-08-30 17:52:46.597  INFO 269776 --- [main] s.w.s.m.m.a.RequestMappingHandlerMapping : Mapped "{[/error],produces=[text/html]}" onto public org.springframework.web.servlet.ModelAndView org.springframework.boot.autoconfigure.web.BasicErrorController.errorHtml(javax.servlet.http.HttpServletRequest,javax.servlet.http.HttpServletResponse)
2017-08-30 17:52:46.633  INFO 269776 --- [main] o.s.w.s.handler.SimpleUrlHandlerMapping  : Mapped URL path [/webjars/**] onto handler of type [class org.springframework.web.servlet.resource.ResourceHttpRequestHandler]
2017-08-30 17:52:46.633  INFO 269776 --- [main] o.s.w.s.handler.SimpleUrlHandlerMapping  : Mapped URL path [/**] onto handler of type [class org.springframework.web.servlet.resource.ResourceHttpRequestHandler]
2017-08-30 17:52:46.681  INFO 269776 --- [main] o.s.w.s.handler.SimpleUrlHandlerMapping  : Mapped URL path [/**/favicon.ico] onto handler of type [class org.springframework.web.servlet.resource.ResourceHttpRequestHandler]
2017-08-30 17:52:46.714  WARN 269776 --- [main] .t.AbstractTemplateResolverConfiguration : Cannot find template location: classpath:/templates/ (please add some templates or check your Thymeleaf configuration)
2017-08-30 17:52:47.042  INFO 269776 --- [main] o.s.j.e.a.AnnotationMBeanExporter        : Registering beans for JMX exposure on startup
2017-08-30 17:52:47.068 ERROR 269776 --- [main] o.a.coyote.http11.Http11NioProtocol      : Failed to start end point associated with ProtocolHandler [http-nio-0.0.0.0-80]

java.net.BindException: Address already in use: bind
	at sun.nio.ch.Net.bind0(Native Method) ~[na:1.8.0_111]
	at sun.nio.ch.Net.bind(Net.java:433) ~[na:1.8.0_111]
	at sun.nio.ch.Net.bind(Net.java:425) ~[na:1.8.0_111]
	at sun.nio.ch.ServerSocketChannelImpl.bind(ServerSocketChannelImpl.java:223) ~[na:1.8.0_111]
	at sun.nio.ch.ServerSocketAdaptor.bind(ServerSocketAdaptor.java:74) ~[na:1.8.0_111]
	at org.apache.tomcat.util.net.NioEndpoint.bind(NioEndpoint.java:229) ~[tomcat-embed-core-8.5.4.jar:8.5.4]
	at org.apache.tomcat.util.net.AbstractEndpoint.start(AbstractEndpoint.java:874) ~[tomcat-embed-core-8.5.4.jar:8.5.4]
	at org.apache.coyote.AbstractProtocol.start(AbstractProtocol.java:573) ~[tomcat-embed-core-8.5.4.jar:8.5.4]
	at org.apache.catalina.connector.Connector.startInternal(Connector.java:1035) [tomcat-embed-core-8.5.4.jar:8.5.4]
	at org.apache.catalina.util.LifecycleBase.start(LifecycleBase.java:152) [tomcat-embed-core-8.5.4.jar:8.5.4]
	at org.apache.catalina.core.StandardService.addConnector(StandardService.java:225) [tomcat-embed-core-8.5.4.jar:8.5.4]
	at org.springframework.boot.context.embedded.tomcat.TomcatEmbeddedServletContainer.addPreviouslyRemovedConnectors(TomcatEmbeddedServletContainer.java:234) [spring-boot-1.4.0.RELEASE.jar:1.4.0.RELEASE]
	at org.springframework.boot.context.embedded.tomcat.TomcatEmbeddedServletContainer.start(TomcatEmbeddedServletContainer.java:179) [spring-boot-1.4.0.RELEASE.jar:1.4.0.RELEASE]
	at org.springframework.boot.context.embedded.EmbeddedWebApplicationContext.startEmbeddedServletContainer(EmbeddedWebApplicationContext.java:297) [spring-boot-1.4.0.RELEASE.jar:1.4.0.RELEASE]
	at org.springframework.boot.context.embedded.EmbeddedWebApplicationContext.finishRefresh(EmbeddedWebApplicationContext.java:145) [spring-boot-1.4.0.RELEASE.jar:1.4.0.RELEASE]
	at org.springframework.context.support.AbstractApplicationContext.refresh(AbstractApplicationContext.java:544) [spring-context-4.3.2.RELEASE.jar:4.3.2.RELEASE]
	at org.springframework.boot.context.embedded.EmbeddedWebApplicationContext.refresh(EmbeddedWebApplicationContext.java:122) [spring-boot-1.4.0.RELEASE.jar:1.4.0.RELEASE]
	at org.springframework.boot.SpringApplication.refresh(SpringApplication.java:759) [spring-boot-1.4.0.RELEASE.jar:1.4.0.RELEASE]
	at org.springframework.boot.SpringApplication.refreshContext(SpringApplication.java:369) [spring-boot-1.4.0.RELEASE.jar:1.4.0.RELEASE]
	at org.springframework.boot.SpringApplication.run(SpringApplication.java:313) [spring-boot-1.4.0.RELEASE.jar:1.4.0.RELEASE]
	at org.springframework.boot.SpringApplication.run(SpringApplication.java:1185) [spring-boot-1.4.0.RELEASE.jar:1.4.0.RELEASE]
	at org.springframework.boot.SpringApplication.run(SpringApplication.java:1174) [spring-boot-1.4.0.RELEASE.jar:1.4.0.RELEASE]
	at weixin.AppRun.main(AppRun.java:16) [classes/:na]

2017-08-30 17:52:47.069 ERROR 269776 --- [main] o.apache.catalina.core.StandardService   : Failed to start connector [Connector[HTTP/1.1-80]]

org.apache.catalina.LifecycleException: Failed to start component [Connector[HTTP/1.1-80]]
	at org.apache.catalina.util.LifecycleBase.start(LifecycleBase.java:158) ~[tomcat-embed-core-8.5.4.jar:8.5.4]
	at org.apache.catalina.core.StandardService.addConnector(StandardService.java:225) ~[tomcat-embed-core-8.5.4.jar:8.5.4]
	at org.springframework.boot.context.embedded.tomcat.TomcatEmbeddedServletContainer.addPreviouslyRemovedConnectors(TomcatEmbeddedServletContainer.java:234) [spring-boot-1.4.0.RELEASE.jar:1.4.0.RELEASE]
	at org.springframework.boot.context.embedded.tomcat.TomcatEmbeddedServletContainer.start(TomcatEmbeddedServletContainer.java:179) [spring-boot-1.4.0.RELEASE.jar:1.4.0.RELEASE]
	at org.springframework.boot.context.embedded.EmbeddedWebApplicationContext.startEmbeddedServletContainer(EmbeddedWebApplicationContext.java:297) [spring-boot-1.4.0.RELEASE.jar:1.4.0.RELEASE]
	at org.springframework.boot.context.embedded.EmbeddedWebApplicationContext.finishRefresh(EmbeddedWebApplicationContext.java:145) [spring-boot-1.4.0.RELEASE.jar:1.4.0.RELEASE]
	at org.springframework.context.support.AbstractApplicationContext.refresh(AbstractApplicationContext.java:544) [spring-context-4.3.2.RELEASE.jar:4.3.2.RELEASE]
	at org.springframework.boot.context.embedded.EmbeddedWebApplicationContext.refresh(EmbeddedWebApplicationContext.java:122) [spring-boot-1.4.0.RELEASE.jar:1.4.0.RELEASE]
	at org.springframework.boot.SpringApplication.refresh(SpringApplication.java:759) [spring-boot-1.4.0.RELEASE.jar:1.4.0.RELEASE]
	at org.springframework.boot.SpringApplication.refreshContext(SpringApplication.java:369) [spring-boot-1.4.0.RELEASE.jar:1.4.0.RELEASE]
	at org.springframework.boot.SpringApplication.run(SpringApplication.java:313) [spring-boot-1.4.0.RELEASE.jar:1.4.0.RELEASE]
	at org.springframework.boot.SpringApplication.run(SpringApplication.java:1185) [spring-boot-1.4.0.RELEASE.jar:1.4.0.RELEASE]
	at org.springframework.boot.SpringApplication.run(SpringApplication.java:1174) [spring-boot-1.4.0.RELEASE.jar:1.4.0.RELEASE]
	at weixin.AppRun.main(AppRun.java:16) [classes/:na]
Caused by: org.apache.catalina.LifecycleException: service.getName(): "Tomcat";  Protocol handler start failed
	at org.apache.catalina.connector.Connector.startInternal(Connector.java:1042) ~[tomcat-embed-core-8.5.4.jar:8.5.4]
	at org.apache.catalina.util.LifecycleBase.start(LifecycleBase.java:152) ~[tomcat-embed-core-8.5.4.jar:8.5.4]
	... 13 common frames omitted
Caused by: java.net.BindException: Address already in use: bind
	at sun.nio.ch.Net.bind0(Native Method) ~[na:1.8.0_111]
	at sun.nio.ch.Net.bind(Net.java:433) ~[na:1.8.0_111]
	at sun.nio.ch.Net.bind(Net.java:425) ~[na:1.8.0_111]
	at sun.nio.ch.ServerSocketChannelImpl.bind(ServerSocketChannelImpl.java:223) ~[na:1.8.0_111]
	at sun.nio.ch.ServerSocketAdaptor.bind(ServerSocketAdaptor.java:74) ~[na:1.8.0_111]
	at org.apache.tomcat.util.net.NioEndpoint.bind(NioEndpoint.java:229) ~[tomcat-embed-core-8.5.4.jar:8.5.4]
	at org.apache.tomcat.util.net.AbstractEndpoint.start(AbstractEndpoint.java:874) ~[tomcat-embed-core-8.5.4.jar:8.5.4]
	at org.apache.coyote.AbstractProtocol.start(AbstractProtocol.java:573) ~[tomcat-embed-core-8.5.4.jar:8.5.4]
	at org.apache.catalina.connector.Connector.startInternal(Connector.java:1035) ~[tomcat-embed-core-8.5.4.jar:8.5.4]
	... 14 common frames omitted

2017-08-30 17:52:47.086  INFO 269776 --- [main] utoConfigurationReportLoggingInitializer : 

Error starting ApplicationContext. To display the auto-configuration report enable debug logging (start with --debug)


2017-08-30 17:52:47.092 ERROR 269776 --- [main] o.s.b.d.LoggingFailureAnalysisReporter   : 

***************************
APPLICATION FAILED TO START
***************************

Description:

Embedded servlet container failed to start. Port 80 was already in use.

Action:

Identify and stop the process that's listening on port 80 or configure this application to listen on another port.

2017-08-30 17:52:47.093  INFO 269776 --- [main] ationConfigEmbeddedWebApplicationContext : Closing org.springframework.boot.context.embedded.AnnotationConfigEmbeddedWebApplicationContext@6b927fb: startup date [Wed Aug 30 17:52:44 CST 2017]; root of context hierarchy
2017-08-30 17:52:47.094  INFO 269776 --- [main] o.s.j.e.a.AnnotationMBeanExporter        : Unregistering JMX-exposed beans on shutdown
2017-08-30 17:53:08.721  INFO 270780 --- [main] weixin.AppRun                            : Starting AppRun on DESKTOP-RDELHGJ with PID 270780 (F:\work\project\weixin\ArvinWeiXinTest\target\classes started by ArvinChen9539 in F:\work\project\weixin\ArvinWeiXinTest)
2017-08-30 17:53:08.726  INFO 270780 --- [main] weixin.AppRun                            : The following profiles are active: dev
2017-08-30 17:53:08.925  INFO 270780 --- [main] ationConfigEmbeddedWebApplicationContext : Refreshing org.springframework.boot.context.embedded.AnnotationConfigEmbeddedWebApplicationContext@3e58a80e: startup date [Wed Aug 30 17:53:08 CST 2017]; root of context hierarchy
2017-08-30 17:53:09.651  INFO 270780 --- [main] trationDelegate$BeanPostProcessorChecker : Bean 'org.springframework.cache.annotation.ProxyCachingConfiguration' of type [class org.springframework.cache.annotation.ProxyCachingConfiguration$$EnhancerBySpringCGLIB$$fa052503] is not eligible for getting processed by all BeanPostProcessors (for example: not eligible for auto-proxying)
2017-08-30 17:53:09.668  INFO 270780 --- [main] trationDelegate$BeanPostProcessorChecker : Bean 'org.springframework.boot.autoconfigure.cache.CacheAutoConfiguration' of type [class org.springframework.boot.autoconfigure.cache.CacheAutoConfiguration$$EnhancerBySpringCGLIB$$ee78e9a7] is not eligible for getting processed by all BeanPostProcessors (for example: not eligible for auto-proxying)
2017-08-30 17:53:09.746  INFO 270780 --- [main] trationDelegate$BeanPostProcessorChecker : Bean 'spring.cache-org.springframework.boot.autoconfigure.cache.CacheProperties' of type [class org.springframework.boot.autoconfigure.cache.CacheProperties] is not eligible for getting processed by all BeanPostProcessors (for example: not eligible for auto-proxying)
2017-08-30 17:53:09.751  INFO 270780 --- [main] trationDelegate$BeanPostProcessorChecker : Bean 'org.springframework.boot.autoconfigure.cache.CacheManagerCustomizers' of type [class org.springframework.boot.autoconfigure.cache.CacheManagerCustomizers] is not eligible for getting processed by all BeanPostProcessors (for example: not eligible for auto-proxying)
2017-08-30 17:53:09.753  INFO 270780 --- [main] trationDelegate$BeanPostProcessorChecker : Bean 'org.springframework.boot.autoconfigure.cache.SimpleCacheConfiguration' of type [class org.springframework.boot.autoconfigure.cache.SimpleCacheConfiguration$$EnhancerBySpringCGLIB$$90145c88] is not eligible for getting processed by all BeanPostProcessors (for example: not eligible for auto-proxying)
2017-08-30 17:53:09.759  INFO 270780 --- [main] trationDelegate$BeanPostProcessorChecker : Bean 'cacheManager' of type [class org.springframework.cache.concurrent.ConcurrentMapCacheManager] is not eligible for getting processed by all BeanPostProcessors (for example: not eligible for auto-proxying)
2017-08-30 17:53:09.759  INFO 270780 --- [main] trationDelegate$BeanPostProcessorChecker : Bean 'cacheAutoConfigurationValidator' of type [class org.springframework.boot.autoconfigure.cache.CacheAutoConfiguration$CacheManagerValidator] is not eligible for getting processed by all BeanPostProcessors (for example: not eligible for auto-proxying)
2017-08-30 17:53:09.995  INFO 270780 --- [main] s.b.c.e.t.TomcatEmbeddedServletContainer : Tomcat initialized with port(s): 80 (http)
2017-08-30 17:53:10.068  INFO 270780 --- [localhost-startStop-1] o.s.web.context.ContextLoader            : Root WebApplicationContext: initialization completed in 1148 ms
2017-08-30 17:53:10.206  INFO 270780 --- [localhost-startStop-1] o.s.b.w.servlet.ServletRegistrationBean  : Mapping servlet: 'dispatcherServlet' to [/]
2017-08-30 17:53:10.210  INFO 270780 --- [localhost-startStop-1] o.s.b.w.servlet.FilterRegistrationBean   : Mapping filter: 'characterEncodingFilter' to: [/*]
2017-08-30 17:53:10.211  INFO 270780 --- [localhost-startStop-1] o.s.b.w.servlet.FilterRegistrationBean   : Mapping filter: 'hiddenHttpMethodFilter' to: [/*]
2017-08-30 17:53:10.211  INFO 270780 --- [localhost-startStop-1] o.s.b.w.servlet.FilterRegistrationBean   : Mapping filter: 'httpPutFormContentFilter' to: [/*]
2017-08-30 17:53:10.211  INFO 270780 --- [localhost-startStop-1] o.s.b.w.servlet.FilterRegistrationBean   : Mapping filter: 'requestContextFilter' to: [/*]
2017-08-30 17:53:10.468  INFO 270780 --- [main] s.w.s.m.m.a.RequestMappingHandlerAdapter : Looking for @ControllerAdvice: org.springframework.boot.context.embedded.AnnotationConfigEmbeddedWebApplicationContext@3e58a80e: startup date [Wed Aug 30 17:53:08 CST 2017]; root of context hierarchy
2017-08-30 17:53:10.518  INFO 270780 --- [main] s.w.s.m.m.a.RequestMappingHandlerMapping : Mapped "{[/base/weixinAuth]}" onto public java.lang.String weixin.controller.BaseController.queryLasted(weixin.vo.Auth)
2017-08-30 17:53:10.520  INFO 270780 --- [main] s.w.s.m.m.a.RequestMappingHandlerMapping : Mapped "{[/error]}" onto public org.springframework.http.ResponseEntity<java.util.Map<java.lang.String, java.lang.Object>> org.springframework.boot.autoconfigure.web.BasicErrorController.error(javax.servlet.http.HttpServletRequest)
2017-08-30 17:53:10.520  INFO 270780 --- [main] s.w.s.m.m.a.RequestMappingHandlerMapping : Mapped "{[/error],produces=[text/html]}" onto public org.springframework.web.servlet.ModelAndView org.springframework.boot.autoconfigure.web.BasicErrorController.errorHtml(javax.servlet.http.HttpServletRequest,javax.servlet.http.HttpServletResponse)
2017-08-30 17:53:10.557  INFO 270780 --- [main] o.s.w.s.handler.SimpleUrlHandlerMapping  : Mapped URL path [/webjars/**] onto handler of type [class org.springframework.web.servlet.resource.ResourceHttpRequestHandler]
2017-08-30 17:53:10.557  INFO 270780 --- [main] o.s.w.s.handler.SimpleUrlHandlerMapping  : Mapped URL path [/**] onto handler of type [class org.springframework.web.servlet.resource.ResourceHttpRequestHandler]
2017-08-30 17:53:10.597  INFO 270780 --- [main] o.s.w.s.handler.SimpleUrlHandlerMapping  : Mapped URL path [/**/favicon.ico] onto handler of type [class org.springframework.web.servlet.resource.ResourceHttpRequestHandler]
2017-08-30 17:53:10.629  WARN 270780 --- [main] .t.AbstractTemplateResolverConfiguration : Cannot find template location: classpath:/templates/ (please add some templates or check your Thymeleaf configuration)
2017-08-30 17:53:10.922  INFO 270780 --- [main] o.s.j.e.a.AnnotationMBeanExporter        : Registering beans for JMX exposure on startup
2017-08-30 17:53:10.972  INFO 270780 --- [main] s.b.c.e.t.TomcatEmbeddedServletContainer : Tomcat started on port(s): 80 (http)
2017-08-30 17:53:10.975  INFO 270780 --- [main] weixin.AppRun                            : Started AppRun in 2.614 seconds (JVM running for 3.398)
